<?xml version="1.0" encoding="UTF-8" standalone="yes"?><!DOCTYPE report PUBLIC "-//JACOCO//DTD Report 1.0//EN" "report.dtd"><report name="LabSerialize"><sessioninfo id="TOSH-3c7aef58" start="1508716866554" dump="1508716870761"/><sessioninfo id="TOSH-8701c350" start="1508716973208" dump="1508716978924"/><sessioninfo id="TOSH-98357744" start="1508717091755" dump="1508717097397"/><sessioninfo id="TOSH-ba05b7ce" start="1508717115294" dump="1508717119371"/><sessioninfo id="TOSH-a83d96f" start="1508717201034" dump="1508717206538"/><sessioninfo id="TOSH-a02eaf54" start="1508717233378" dump="1508717238594"/><sessioninfo id="TOSH-de4e6abf" start="1508717294116" dump="1508717299121"/><sessioninfo id="TOSH-c04f4b26" start="1508717304381" dump="1508717311288"/><sessioninfo id="TOSH-cebc1df" start="1508717442351" dump="1508717447644"/><sessioninfo id="TOSH-b44f97a2" start="1508717543630" dump="1508717548146"/><sessioninfo id="TOSH-5a6e6a55" start="1508717597346" dump="1508717601253"/><sessioninfo id="TOSH-81446fe" start="1508717740830" dump="1508717744560"/><sessioninfo id="TOSH-1e11a637" start="1508717790291" dump="1508717794448"/><sessioninfo id="TOSH-dc83661b" start="1508717809654" dump="1508717813704"/><sessioninfo id="TOSH-90bfb704" start="1508717923365" dump="1508717927356"/><sessioninfo id="TOSH-4261639" start="1508718332884" dump="1508718337187"/><sessioninfo id="TOSH-c6aa1ebb" start="1508719060773" dump="1508719064560"/><sessioninfo id="TOSH-5ae82626" start="1508719254382" dump="1508719259063"/><sessioninfo id="TOSH-8e905b6d" start="1508719349577" dump="1508719353216"/><sessioninfo id="TOSH-10b9535" start="1508720050351" dump="1508720054128"/><sessioninfo id="TOSH-e9de714a" start="1508720294165" dump="1508720298680"/><sessioninfo id="TOSH-89557f5d" start="1508720330235" dump="1508720334438"/><sessioninfo id="TOSH-771c9f4e" start="1508720373176" dump="1508720376867"/><sessioninfo id="TOSH-331384af" start="1508720433743" dump="1508720437607"/><sessioninfo id="TOSH-6f15f6dc" start="1508720476592" dump="1508720480352"/><sessioninfo id="TOSH-20026d5e" start="1508720891934" dump="1508720896085"/><sessioninfo id="TOSH-3692780e" start="1508720999151" dump="1508721003736"/><sessioninfo id="TOSH-880b2b6e" start="1508721028639" dump="1508721033348"/><sessioninfo id="TOSH-838dea4b" start="1508721111490" dump="1508721116050"/><sessioninfo id="TOSH-635963dd" start="1508721316095" dump="1508721320754"/><sessioninfo id="TOSH-14473af3" start="1508721978133" dump="1508721982441"/><sessioninfo id="TOSH-cf70818e" start="1508722150803" dump="1508722155364"/><sessioninfo id="TOSH-1b3fa8c9" start="1508722277187" dump="1508722281655"/><sessioninfo id="TOSH-9c6fe3be" start="1508722316797" dump="1508722321452"/><sessioninfo id="TOSH-56d97375" start="1508722440411" dump="1508722445387"/><sessioninfo id="TOSH-3848a0d0" start="1508722597136" dump="1508722601443"/><sessioninfo id="TOSH-442f04d6" start="1508722708776" dump="1508722713423"/><sessioninfo id="TOSH-db68d37c" start="1508722810028" dump="1508722814971"/><sessioninfo id="TOSH-ceb56564" start="1508722968941" dump="1508722973714"/><sessioninfo id="TOSH-2e017962" start="1508731037627" dump="1508731049242"/><sessioninfo id="TOSH-92ab01aa" start="1508731226204" dump="1508731234362"/><sessioninfo id="TOSH-50510cfe" start="1508731369075" dump="1508731377386"/><sessioninfo id="TOSH-dbd52e52" start="1508731499813" dump="1508731508075"/><sessioninfo id="TOSH-91e29c5c" start="1508731823396" dump="1508731832813"/><sessioninfo id="TOSH-5177a516" start="1509202516222" dump="1509202520941"/><sessioninfo id="TOSH-a4b1baaf" start="1509203618127" dump="1509203622393"/><sessioninfo id="TOSH-907ad052" start="1509204078391" dump="1509204083970"/><sessioninfo id="TOSH-1c9abdf9" start="1509204239484" dump="1509204243984"/><sessioninfo id="TOSH-842aa2bf" start="1509204686089" dump="1509204689808"/><sessioninfo id="TOSH-848909a6" start="1509204835242" dump="1509204838555"/><sessioninfo id="TOSH-191926c4" start="1509204949767" dump="1509204953579"/><sessioninfo id="TOSH-38b69d70" start="1509205023264" dump="1509205026795"/><sessioninfo id="TOSH-79b2b54c" start="1509205084757" dump="1509205088460"/><sessioninfo id="TOSH-abae6b54" start="1509205193047" dump="1509205196344"/><sessioninfo id="TOSH-82e4008b" start="1509205212775" dump="1509205216369"/><sessioninfo id="TOSH-e5a9c273" start="1509205248621" dump="1509205252168"/><sessioninfo id="TOSH-5a705b08" start="1509205447659" dump="1509205451206"/><sessioninfo id="TOSH-ea321612" start="1509205470827" dump="1509205474686"/><sessioninfo id="TOSH-8d820064" start="1509205915029" dump="1509205919076"/><sessioninfo id="TOSH-43781045" start="1509206105529" dump="1509206109107"/><sessioninfo id="TOSH-812a3ee6" start="1509206255192" dump="1509206259052"/><sessioninfo id="TOSH-5f69665a" start="1509206469301" dump="1509206472957"/><sessioninfo id="TOSH-44d72700" start="1509206637157" dump="1509206640594"/><sessioninfo id="TOSH-d74d0e13" start="1509206728762" dump="1509206732059"/><sessioninfo id="TOSH-4097ab3b" start="1509206950600" dump="1509206953943"/><sessioninfo id="TOSH-297801b5" start="1509207012981" dump="1509207016653"/><sessioninfo id="TOSH-2daa2b10" start="1509208213211" dump="1509208216633"/><sessioninfo id="TOSH-61df1fa3" start="1509208614840" dump="1509208618293"/><sessioninfo id="TOSH-bc146bc4" start="1509208737998" dump="1509208741598"/><sessioninfo id="TOSH-9afef1f2" start="1509208916651" dump="1509208920214"/><sessioninfo id="TOSH-928a527d" start="1509208990952" dump="1509208994765"/><sessioninfo id="TOSH-2fa6d5d1" start="1509209139793" dump="1509209143386"/><sessioninfo id="TOSH-bca93899" start="1509209161548" dump="1509209165063"/><sessioninfo id="TOSH-52a0e48d" start="1509209174815" dump="1509209178627"/><sessioninfo id="TOSH-29bf6cb4" start="1509209271264" dump="1509209274874"/><sessioninfo id="TOSH-ce4decff" start="1509209364514" dump="1509209368811"/><sessioninfo id="TOSH-1b2ab766" start="1509209486404" dump="1509209490092"/><sessioninfo id="TOSH-394bea11" start="1509209799839" dump="1509209803385"/><sessioninfo id="TOSH-fe11a3d7" start="1509210283067" dump="1509210287114"/><sessioninfo id="TOSH-a65b2d32" start="1509210486473" dump="1509210490020"/><sessioninfo id="TOSH-6e93c625" start="1509211084277" dump="1509211088171"/><sessioninfo id="TOSH-b91740b3" start="1509211557814" dump="1509211561643"/><sessioninfo id="TOSH-6643f3c8" start="1509212061169" dump="1509212064575"/><sessioninfo id="TOSH-f7bb40c" start="1509212121102" dump="1509212124774"/><sessioninfo id="TOSH-24a3ddf8" start="1509212350989" dump="1509212354425"/><sessioninfo id="TOSH-1ba505c8" start="1509212461311" dump="1509212465233"/><sessioninfo id="TOSH-5b2c3c61" start="1509225020084" dump="1509225023803"/><sessioninfo id="TOSH-2696dd58" start="1509225098230" dump="1509225102137"/><sessioninfo id="TOSH-4f1966a8" start="1509225177478" dump="1509225181088"/><sessioninfo id="TOSH-efab7390" start="1509225207238" dump="1509225210988"/><sessioninfo id="TOSH-2a61d765" start="1509225218720" dump="1509225222376"/><sessioninfo id="TOSH-26e60fd4" start="1509225962477" dump="1509225966321"/><sessioninfo id="TOSH-5169cd2d" start="1509226674015" dump="1509226677659"/><sessioninfo id="TOSH-aec4e537" start="1509226827864" dump="1509226831520"/><sessioninfo id="TOSH-2162643a" start="1509227772003" dump="1509227776070"/><sessioninfo id="TOSH-c077b84e" start="1509228436543" dump="1509228440316"/><sessioninfo id="TOSH-c257fda6" start="1509229816694" dump="1509229820287"/><sessioninfo id="TOSH-d2942c36" start="1509259591762" dump="1509259595844"/><sessioninfo id="TOSH-40feb846" start="1509259731202" dump="1509259735379"/><sessioninfo id="TOSH-469b51af" start="1509259912539" dump="1509259916565"/><sessioninfo id="TOSH-be88ae29" start="1509259971597" dump="1509259975190"/><sessioninfo id="TOSH-205d6e43" start="1509260094824" dump="1509260098642"/><sessioninfo id="TOSH-4e858178" start="1509260201816" dump="1509260205668"/><sessioninfo id="TOSH-b967473a" start="1509260415595" dump="1509260419194"/><sessioninfo id="TOSH-f1c4875" start="1509260804603" dump="1509260808410"/><sessioninfo id="TOSH-330476c4" start="1509261233056" dump="1509261236677"/><sessioninfo id="TOSH-c955e5ce" start="1509261959771" dump="1509261963912"/><sessioninfo id="TOSH-5a98cebe" start="1509261989570" dump="1509261993375"/><sessioninfo id="TOSH-a88fe3c1" start="1509264382373" dump="1509264385995"/><sessioninfo id="TOSH-65b86453" start="1509265131813" dump="1509265136743"/><sessioninfo id="TOSH-94968e73" start="1509265385098" dump="1509265390646"/><sessioninfo id="TOSH-e995d201" start="1509265433345" dump="1509265440566"/><sessioninfo id="TOSH-9a4b0f1d" start="1509265563265" dump="1509265569273"/><sessioninfo id="TOSH-47f57612" start="1509265655670" dump="1509265661160"/><sessioninfo id="TOSH-10b467c5" start="1509266207748" dump="1509266212487"/><sessioninfo id="TOSH-3dffdfc2" start="1509266695796" dump="1509266701192"/><sessioninfo id="TOSH-5c456a6" start="1509266756881" dump="1509266761376"/><sessioninfo id="TOSH-46b40bc0" start="1509266836925" dump="1509266841391"/><sessioninfo id="TOSH-ed5181b2" start="1509266951415" dump="1509266955914"/><sessioninfo id="TOSH-705c9fb5" start="1509267014240" dump="1509267018780"/><sessioninfo id="TOSH-c11a507b" start="1509267078442" dump="1509267083204"/><sessioninfo id="TOSH-96c8a728" start="1509267169739" dump="1509267174759"/><sessioninfo id="TOSH-c0cffe98" start="1509267322054" dump="1509267326715"/><sessioninfo id="TOSH-dea10a0e" start="1509267439415" dump="1509267444139"/><sessioninfo id="TOSH-c337d5fb" start="1509267608325" dump="1509267613443"/><sessioninfo id="TOSH-41bccbd3" start="1509267751758" dump="1509267756800"/><sessioninfo id="TOSH-eead2429" start="1509268003663" dump="1509268009007"/><sessioninfo id="TOSH-9530fd28" start="1509268142117" dump="1509268146958"/><sessioninfo id="TOSH-2606d1b5" start="1509268224924" dump="1509268231197"/><sessioninfo id="TOSH-64b8a78" start="1509268256598" dump="1509268261467"/><sessioninfo id="TOSH-b5deff3f" start="1509268389403" dump="1509268394756"/><sessioninfo id="TOSH-822beb07" start="1509268445239" dump="1509268450887"/><sessioninfo id="TOSH-c10ab5ca" start="1509268509493" dump="1509268515035"/><sessioninfo id="TOSH-d0740e7d" start="1509268783717" dump="1509268789103"/><sessioninfo id="TOSH-6bdc0c0f" start="1509269257483" dump="1509269262535"/><sessioninfo id="TOSH-47fdc4ad" start="1509269293050" dump="1509269298318"/><sessioninfo id="TOSH-eca35473" start="1509270249479" dump="1509270254908"/><sessioninfo id="TOSH-33468c35" start="1509270388271" dump="1509270393205"/><sessioninfo id="TOSH-8b330579" start="1509270977697" dump="1509270982760"/><sessioninfo id="TOSH-5c43a64" start="1509271060171" dump="1509271064858"/><sessioninfo id="TOSH-d728fdaf" start="1509271202413" dump="1509271207518"/><sessioninfo id="TOSH-cf509a77" start="1509271388944" dump="1509271394275"/><sessioninfo id="TOSH-b4cf3013" start="1509271510283" dump="1509271515141"/><sessioninfo id="TOSH-a7f5aa32" start="1509271601785" dump="1509271607134"/><sessioninfo id="TOSH-c726829c" start="1509271660033" dump="1509271665624"/><sessioninfo id="TOSH-c7fbc1ef" start="1509271695039" dump="1509271699964"/><sessioninfo id="TOSH-848208db" start="1509272018824" dump="1509272023794"/><sessioninfo id="TOSH-2b935e06" start="1509272260947" dump="1509272266036"/><sessioninfo id="TOSH-1afb3611" start="1509272386314" dump="1509272391588"/><sessioninfo id="TOSH-48ed2ef9" start="1509272445545" dump="1509272452335"/><sessioninfo id="TOSH-c82df639" start="1509272515017" dump="1509272520102"/><sessioninfo id="TOSH-53c64cb9" start="1509272595281" dump="1509272600156"/><sessioninfo id="TOSH-3565a249" start="1509272656453" dump="1509272662048"/><sessioninfo id="TOSH-44397a1e" start="1509272834740" dump="1509272840403"/><sessioninfo id="TOSH-792e469c" start="1509276384817" dump="1509276390514"/><sessioninfo id="TOSH-a0b27217" start="1509276879027" dump="1509276884442"/><sessioninfo id="TOSH-a5cc9f24" start="1509277073918" dump="1509277079537"/><sessioninfo id="TOSH-7f3fe81f" start="1509277182655" dump="1509277188769"/><sessioninfo id="TOSH-787f1b0b" start="1509277209449" dump="1509277215629"/><sessioninfo id="TOSH-b89a96c8" start="1509277285559" dump="1509277291814"/><sessioninfo id="TOSH-1d8b3d0e" start="1509277328939" dump="1509277334483"/><sessioninfo id="TOSH-b37112ef" start="1509277357938" dump="1509277364047"/><sessioninfo id="TOSH-ca566185" start="1509277415689" dump="1509277421445"/><sessioninfo id="TOSH-fb01de41" start="1509277587083" dump="1509277593067"/><sessioninfo id="TOSH-2aef25f0" start="1509278920725" dump="1509278926278"/><sessioninfo id="TOSH-8b0e49bf" start="1509279284625" dump="1509279289785"/><sessioninfo id="TOSH-364440d0" start="1509279426875" dump="1509279433263"/><sessioninfo id="TOSH-296762d" start="1509279443139" dump="1509279448981"/><sessioninfo id="TOSH-623d54fb" start="1509279690463" dump="1509279696015"/><sessioninfo id="TOSH-b3af1b72" start="1509280016889" dump="1509280022625"/><sessioninfo id="TOSH-ff20d22" start="1509280075493" dump="1509280080757"/><sessioninfo id="TOSH-d7d074e0" start="1509280098226" dump="1509280104010"/><sessioninfo id="TOSH-16c7db7" start="1509280238121" dump="1509280243903"/><sessioninfo id="TOSH-5e3ee9c5" start="1509280340668" dump="1509280347013"/><sessioninfo id="TOSH-11c376d9" start="1509280352355" dump="1509280359351"/><sessioninfo id="TOSH-434a794" start="1509280472477" dump="1509280477703"/><sessioninfo id="TOSH-9484e1fe" start="1509280497709" dump="1509280504154"/><sessioninfo id="TOSH-301369ac" start="1509280517692" dump="1509280523436"/><sessioninfo id="TOSH-d1c00d8e" start="1509280658206" dump="1509280664732"/><sessioninfo id="TOSH-d6123dbf" start="1509280912305" dump="1509280918511"/><sessioninfo id="TOSH-dc167263" start="1509280975772" dump="1509280982165"/><sessioninfo id="TOSH-d54cab76" start="1509281102719" dump="1509281109488"/><sessioninfo id="TOSH-943093ad" start="1509281192771" dump="1509281198826"/><sessioninfo id="TOSH-f74a02cb" start="1509281222425" dump="1509281228880"/><sessioninfo id="TOSH-570af2b7" start="1509281426595" dump="1509281432488"/><sessioninfo id="TOSH-c1b2cfc4" start="1509281545368" dump="1509281551072"/><sessioninfo id="TOSH-8e7d83fa" start="1509281595331" dump="1509281601701"/><sessioninfo id="TOSH-63e49a9f" start="1509281707607" dump="1509281713226"/><sessioninfo id="TOSH-c329e0a1" start="1509281862497" dump="1509281868187"/><sessioninfo id="TOSH-7a031e32" start="1509281921075" dump="1509281927502"/><sessioninfo id="TOSH-54fa1f73" start="1509281972580" dump="1509281978610"/><sessioninfo id="TOSH-39b1c73d" start="1509282037913" dump="1509282044234"/><sessioninfo id="TOSH-dba5309e" start="1509282190116" dump="1509282197313"/><sessioninfo id="TOSH-67996723" start="1509282261141" dump="1509282267486"/><sessioninfo id="TOSH-3127a3f9" start="1509282337884" dump="1509282344627"/><sessioninfo id="TOSH-14842fb7" start="1509282392875" dump="1509282399102"/><sessioninfo id="TOSH-443ddcef" start="1509283655655" dump="1509283662102"/><sessioninfo id="TOSH-b68e18cf" start="1509284361020" dump="1509284367124"/><package name="org/jacoco/examples/java/gradle"><class name="org/jacoco/examples/java/gradle/SerializingObject"><method name="getMapString" desc="()Ljava/lang/String;" line="45"><counter type="INSTRUCTION" missed="0" covered="3"/><counter type="LINE" missed="0" covered="1"/><counter type="COMPLEXITY" missed="0" covered="1"/><counter type="METHOD" missed="0" covered="1"/></method><method name="unpackStringFromNestedObject" desc="(Ljava/util/Map;)V" line="50"><counter type="INSTRUCTION" missed="14" covered="0"/><counter type="LINE" missed="3" covered="0"/><counter type="COMPLEXITY" missed="1" covered="0"/><counter type="METHOD" missed="1" covered="0"/></method><method name="setFieldObject" desc="(Lorg/jacoco/examples/java/gradle/SerializingObject$FieldObject;)V" line="54"><counter type="INSTRUCTION" missed="0" covered="4"/><counter type="LINE" missed="0" covered="2"/><counter type="COMPLEXITY" missed="0" covered="1"/><counter type="METHOD" missed="0" covered="1"/></method><method name="setFieldMap" desc="(Ljava/util/Map;)V" line="58"><counter type="INSTRUCTION" missed="4" covered="0"/><counter type="LINE" missed="2" covered="0"/><counter type="COMPLEXITY" missed="1" covered="0"/><counter type="METHOD" missed="1" covered="0"/></method><method name="setMapString" desc="(Ljava/lang/String;)V" line="62"><counter type="INSTRUCTION" missed="0" covered="10"/><counter type="LINE" missed="0" covered="3"/><counter type="COMPLEXITY" missed="0" covered="1"/><counter type="METHOD" missed="0" covered="1"/></method><method name="getMapNumber" desc="()I" line="67"><counter type="INSTRUCTION" missed="0" covered="3"/><counter type="LINE" missed="0" covered="1"/><counter type="COMPLEXITY" missed="0" covered="1"/><counter type="METHOD" missed="0" covered="1"/></method><method name="setMapNumber" desc="(I)V" line="71"><counter type="INSTRUCTION" missed="0" covered="11"/><counter type="LINE" missed="0" covered="3"/><counter type="COMPLEXITY" missed="0" covered="1"/><counter type="METHOD" missed="0" covered="1"/></method><method name="&lt;init&gt;" desc="(Ljava/lang/String;ILorg/jacoco/examples/java/gradle/SerializingObject$FieldObject;Ljava/util/HashMap;)V" line="80"><counter type="INSTRUCTION" missed="0" covered="31"/><counter type="LINE" missed="0" covered="8"/><counter type="COMPLEXITY" missed="0" covered="1"/><counter type="METHOD" missed="0" covered="1"/></method><method name="&lt;init&gt;" desc="(Ljava/lang/String;I)V" line="89"><counter type="INSTRUCTION" missed="0" covered="44"/><counter type="LINE" missed="0" covered="8"/><counter type="COMPLEXITY" missed="0" covered="1"/><counter type="METHOD" missed="0" covered="1"/></method><method name="getFieldString" desc="()Ljava/lang/String;" line="133"><counter type="INSTRUCTION" missed="0" covered="3"/><counter type="LINE" missed="0" covered="1"/><counter type="COMPLEXITY" missed="0" covered="1"/><counter type="METHOD" missed="0" covered="1"/></method><method name="setFieldString" desc="(Ljava/lang/String;)V" line="137"><counter type="INSTRUCTION" missed="4" covered="0"/><counter type="LINE" missed="2" covered="0"/><counter type="COMPLEXITY" missed="1" covered="0"/><counter type="METHOD" missed="1" covered="0"/></method><method name="getFieldNumber" desc="()I" line="142"><counter type="INSTRUCTION" missed="0" covered="3"/><counter type="LINE" missed="0" covered="1"/><counter type="COMPLEXITY" missed="0" covered="1"/><counter type="METHOD" missed="0" covered="1"/></method><method name="setFieldNumber" desc="(I)V" line="146"><counter type="INSTRUCTION" missed="4" covered="0"/><counter type="LINE" missed="2" covered="0"/><counter type="COMPLEXITY" missed="1" covered="0"/><counter type="METHOD" missed="1" covered="0"/></method><method name="getFieldObject" desc="()Lorg/jacoco/examples/java/gradle/SerializingObject$FieldObject;" line="151"><counter type="INSTRUCTION" missed="0" covered="3"/><counter type="LINE" missed="0" covered="1"/><counter type="COMPLEXITY" missed="0" covered="1"/><counter type="METHOD" missed="0" covered="1"/></method><method name="getFieldMap" desc="()Ljava/util/Map;" line="156"><counter type="INSTRUCTION" missed="0" covered="3"/><counter type="LINE" missed="0" covered="1"/><counter type="COMPLEXITY" missed="0" covered="1"/><counter type="METHOD" missed="0" covered="1"/></method><method name="toString" desc="()Ljava/lang/String;" line="162"><counter type="INSTRUCTION" missed="0" covered="27"/><counter type="LINE" missed="0" covered="1"/><counter type="COMPLEXITY" missed="0" covered="1"/><counter type="METHOD" missed="0" covered="1"/></method><counter type="INSTRUCTION" missed="26" covered="145"/><counter type="LINE" missed="9" covered="31"/><counter type="COMPLEXITY" missed="4" covered="12"/><counter type="METHOD" missed="4" covered="12"/><counter type="CLASS" missed="0" covered="1"/></class><class name="org/jacoco/examples/java/gradle/Lab5"><method name="&lt;init&gt;" desc="()V" line="20"><counter type="INSTRUCTION" missed="0" covered="8"/><counter type="LINE" missed="0" covered="2"/><counter type="COMPLEXITY" missed="0" covered="1"/><counter type="METHOD" missed="0" covered="1"/></method><method name="getJsonString" desc="()Ljava/lang/String;" line="26"><counter type="INSTRUCTION" missed="3" covered="0"/><counter type="LINE" missed="1" covered="0"/><counter type="COMPLEXITY" missed="1" covered="0"/><counter type="METHOD" missed="1" covered="0"/></method><method name="setJsonString" desc="(Ljava/lang/String;)V" line="30"><counter type="INSTRUCTION" missed="0" covered="4"/><counter type="LINE" missed="0" covered="2"/><counter type="COMPLEXITY" missed="0" covered="1"/><counter type="METHOD" missed="0" covered="1"/></method><method name="gsonDeSerialize" desc="(Ljava/lang/String;)Lorg/jacoco/examples/java/gradle/SerializingObject;" line="36"><counter type="INSTRUCTION" missed="7" covered="64"/><counter type="BRANCH" missed="1" covered="1"/><counter type="LINE" missed="2" covered="13"/><counter type="COMPLEXITY" missed="1" covered="1"/><counter type="METHOD" missed="0" covered="1"/></method><method name="gsonSerialize" desc="(Lorg/jacoco/examples/java/gradle/SerializingObject;)Ljava/lang/String;" line="60"><counter type="INSTRUCTION" missed="5" covered="9"/><counter type="LINE" missed="2" covered="2"/><counter type="COMPLEXITY" missed="0" covered="1"/><counter type="METHOD" missed="0" covered="1"/></method><method name="jacksonDeSerialize" desc="(Ljava/lang/String;)Lorg/jacoco/examples/java/gradle/SerializingObject;" line="71"><counter type="INSTRUCTION" missed="15" covered="15"/><counter type="BRANCH" missed="1" covered="1"/><counter type="LINE" missed="4" covered="4"/><counter type="COMPLEXITY" missed="1" covered="1"/><counter type="METHOD" missed="0" covered="1"/></method><method name="jacksonSerialize" desc="(Lorg/jacoco/examples/java/gradle/SerializingObject;)Ljava/lang/String;" line="87"><counter type="INSTRUCTION" missed="13" covered="13"/><counter type="LINE" missed="4" covered="2"/><counter type="COMPLEXITY" missed="0" covered="1"/><counter type="METHOD" missed="0" covered="1"/></method><method name="orgJsonSerialize" desc="(Lorg/jacoco/examples/java/gradle/SerializingObject;)Ljava/lang/String;" line="98"><counter type="INSTRUCTION" missed="5" covered="41"/><counter type="LINE" missed="3" covered="8"/><counter type="COMPLEXITY" missed="0" covered="1"/><counter type="METHOD" missed="0" covered="1"/></method><method name="orgJsonDeserialize" desc="(Ljava/lang/String;)Lorg/jacoco/examples/java/gradle/SerializingObject;" line="115"><counter type="INSTRUCTION" missed="7" covered="52"/><counter type="BRANCH" missed="1" covered="1"/><counter type="LINE" missed="3" covered="12"/><counter type="COMPLEXITY" missed="1" covered="1"/><counter type="METHOD" missed="0" covered="1"/></method><method name="&lt;clinit&gt;" desc="()V" line="23"><counter type="INSTRUCTION" missed="0" covered="7"/><counter type="LINE" missed="0" covered="1"/><counter type="COMPLEXITY" missed="0" covered="1"/><counter type="METHOD" missed="0" covered="1"/></method><counter type="INSTRUCTION" missed="55" covered="213"/><counter type="BRANCH" missed="3" covered="3"/><counter type="LINE" missed="19" covered="46"/><counter type="COMPLEXITY" missed="4" covered="9"/><counter type="METHOD" missed="1" covered="9"/><counter type="CLASS" missed="0" covered="1"/></class><class name="org/jacoco/examples/java/gradle/Metrics"><method name="&lt;init&gt;" desc="()V" line="7"><counter type="INSTRUCTION" missed="0" covered="3"/><counter type="LINE" missed="0" covered="1"/><counter type="COMPLEXITY" missed="0" covered="1"/><counter type="METHOD" missed="0" covered="1"/></method><method name="start" desc="()V" line="13"><counter type="INSTRUCTION" missed="0" covered="11"/><counter type="LINE" missed="0" covered="4"/><counter type="COMPLEXITY" missed="0" covered="1"/><counter type="METHOD" missed="0" covered="1"/></method><method name="stop" desc="()V" line="19"><counter type="INSTRUCTION" missed="0" covered="3"/><counter type="LINE" missed="0" covered="2"/><counter type="COMPLEXITY" missed="0" covered="1"/><counter type="METHOD" missed="0" covered="1"/></method><method name="getExecutionTime" desc="()V" line="23"><counter type="INSTRUCTION" missed="0" covered="17"/><counter type="LINE" missed="0" covered="3"/><counter type="COMPLEXITY" missed="0" covered="1"/><counter type="METHOD" missed="0" covered="1"/></method><method name="getUsedMemory" desc="()V" line="28"><counter type="INSTRUCTION" missed="0" covered="23"/><counter type="LINE" missed="0" covered="4"/><counter type="COMPLEXITY" missed="0" covered="1"/><counter type="METHOD" missed="0" covered="1"/></method><method name="getAllMetrics" desc="()V" line="34"><counter type="INSTRUCTION" missed="0" covered="3"/><counter type="LINE" missed="0" covered="3"/><counter type="COMPLEXITY" missed="0" covered="1"/><counter type="METHOD" missed="0" covered="1"/></method><method name="convertToMegabytes" desc="(J)D" line="39"><counter type="INSTRUCTION" missed="0" covered="5"/><counter type="LINE" missed="0" covered="1"/><counter type="COMPLEXITY" missed="0" covered="1"/><counter type="METHOD" missed="0" covered="1"/></method><counter type="INSTRUCTION" missed="0" covered="65"/><counter type="LINE" missed="0" covered="18"/><counter type="COMPLEXITY" missed="0" covered="7"/><counter type="METHOD" missed="0" covered="7"/><counter type="CLASS" missed="0" covered="1"/></class><class name="org/jacoco/examples/java/gradle/SerializingObject$FieldObject"><method name="&lt;init&gt;" desc="(Ljava/lang/String;I)V" line="110"><counter type="INSTRUCTION" missed="0" covered="9"/><counter type="LINE" missed="0" covered="4"/><counter type="COMPLEXITY" missed="0" covered="1"/><counter type="METHOD" missed="0" covered="1"/></method><method name="getObjectString" desc="()Ljava/lang/String;" line="117"><counter type="INSTRUCTION" missed="0" covered="3"/><counter type="LINE" missed="0" covered="1"/><counter type="COMPLEXITY" missed="0" covered="1"/><counter type="METHOD" missed="0" covered="1"/></method><method name="getObjectNumber" desc="()I" line="121"><counter type="INSTRUCTION" missed="0" covered="3"/><counter type="LINE" missed="0" covered="1"/><counter type="COMPLEXITY" missed="0" covered="1"/><counter type="METHOD" missed="0" covered="1"/></method><method name="toString" desc="()Ljava/lang/String;" line="125"><counter type="INSTRUCTION" missed="0" covered="17"/><counter type="LINE" missed="0" covered="1"/><counter type="COMPLEXITY" missed="0" covered="1"/><counter type="METHOD" missed="0" covered="1"/></method><counter type="INSTRUCTION" missed="0" covered="32"/><counter type="LINE" missed="0" covered="7"/><counter type="COMPLEXITY" missed="0" covered="4"/><counter type="METHOD" missed="0" covered="4"/><counter type="CLASS" missed="0" covered="1"/></class><sourcefile name="SerializingObject.java"><line nr="45" mi="0" ci="3" mb="0" cb="0"/><line nr="50" mi="6" ci="0" mb="0" cb="0"/><line nr="51" mi="7" ci="0" mb="0" cb="0"/><line nr="52" mi="1" ci="0" mb="0" cb="0"/><line nr="54" mi="0" ci="3" mb="0" cb="0"/><line nr="55" mi="0" ci="1" mb="0" cb="0"/><line nr="58" mi="3" ci="0" mb="0" cb="0"/><line nr="59" mi="1" ci="0" mb="0" cb="0"/><line nr="62" mi="0" ci="3" mb="0" cb="0"/><line nr="63" mi="0" ci="6" mb="0" cb="0"/><line nr="64" mi="0" ci="1" mb="0" cb="0"/><line nr="67" mi="0" ci="3" mb="0" cb="0"/><line nr="71" mi="0" ci="3" mb="0" cb="0"/><line nr="72" mi="0" ci="7" mb="0" cb="0"/><line nr="73" mi="0" ci="1" mb="0" cb="0"/><line nr="80" mi="0" ci="2" mb="0" cb="0"/><line nr="81" mi="0" ci="3" mb="0" cb="0"/><line nr="82" mi="0" ci="3" mb="0" cb="0"/><line nr="83" mi="0" ci="3" mb="0" cb="0"/><line nr="84" mi="0" ci="3" mb="0" cb="0"/><line nr="85" mi="0" ci="8" mb="0" cb="0"/><line nr="86" mi="0" ci="8" mb="0" cb="0"/><line nr="87" mi="0" ci="1" mb="0" cb="0"/><line nr="89" mi="0" ci="2" mb="0" cb="0"/><line nr="90" mi="0" ci="6" mb="0" cb="0"/><line nr="91" mi="0" ci="6" mb="0" cb="0"/><line nr="92" mi="0" ci="9" mb="0" cb="0"/><line nr="93" mi="0" ci="5" mb="0" cb="0"/><line nr="94" mi="0" ci="7" mb="0" cb="0"/><line nr="95" mi="0" ci="8" mb="0" cb="0"/><line nr="96" mi="0" ci="1" mb="0" cb="0"/><line nr="110" mi="0" ci="2" mb="0" cb="0"/><line nr="111" mi="0" ci="3" mb="0" cb="0"/><line nr="112" mi="0" ci="3" mb="0" cb="0"/><line nr="113" mi="0" ci="1" mb="0" cb="0"/><line nr="117" mi="0" ci="3" mb="0" cb="0"/><line nr="121" mi="0" ci="3" mb="0" cb="0"/><line nr="125" mi="0" ci="17" mb="0" cb="0"/><line nr="133" mi="0" ci="3" mb="0" cb="0"/><line nr="137" mi="3" ci="0" mb="0" cb="0"/><line nr="138" mi="1" ci="0" mb="0" cb="0"/><line nr="142" mi="0" ci="3" mb="0" cb="0"/><line nr="146" mi="3" ci="0" mb="0" cb="0"/><line nr="147" mi="1" ci="0" mb="0" cb="0"/><line nr="151" mi="0" ci="3" mb="0" cb="0"/><line nr="156" mi="0" ci="3" mb="0" cb="0"/><line nr="162" mi="0" ci="27" mb="0" cb="0"/><counter type="INSTRUCTION" missed="26" covered="177"/><counter type="LINE" missed="9" covered="38"/><counter type="COMPLEXITY" missed="4" covered="16"/><counter type="METHOD" missed="4" covered="16"/><counter type="CLASS" missed="0" covered="2"/></sourcefile><sourcefile name="Lab5.java"><line nr="20" mi="0" ci="2" mb="0" cb="0"/><line nr="22" mi="0" ci="6" mb="0" cb="0"/><line nr="23" mi="0" ci="7" mb="0" cb="0"/><line nr="26" mi="3" ci="0" mb="0" cb="0"/><line nr="30" mi="0" ci="3" mb="0" cb="0"/><line nr="31" mi="0" ci="1" mb="0" cb="0"/><line nr="36" mi="2" ci="3" mb="1" cb="1"/><line nr="37" mi="0" ci="4" mb="0" cb="0"/><line nr="38" mi="0" ci="6" mb="0" cb="0"/><line nr="39" mi="0" ci="5" mb="0" cb="0"/><line nr="40" mi="0" ci="5" mb="0" cb="0"/><line nr="41" mi="0" ci="10" mb="0" cb="0"/><line nr="43" mi="0" ci="4" mb="0" cb="0"/><line nr="44" mi="0" ci="3" mb="0" cb="0"/><line nr="45" mi="0" ci="5" mb="0" cb="0"/><line nr="47" mi="0" ci="5" mb="0" cb="0"/><line nr="48" mi="0" ci="9" mb="0" cb="0"/><line nr="50" mi="0" ci="3" mb="0" cb="0"/><line nr="51" mi="0" ci="2" mb="0" cb="0"/><line nr="53" mi="3" ci="0" mb="0" cb="0"/><line nr="54" mi="2" ci="0" mb="0" cb="0"/><line nr="60" mi="0" ci="5" mb="0" cb="0"/><line nr="61" mi="0" ci="4" mb="0" cb="0"/><line nr="63" mi="3" ci="0" mb="0" cb="0"/><line nr="64" mi="2" ci="0" mb="0" cb="0"/><line nr="71" mi="2" ci="3" mb="1" cb="1"/><line nr="73" mi="0" ci="7" mb="0" cb="0"/><line nr="74" mi="0" ci="3" mb="0" cb="0"/><line nr="75" mi="0" ci="2" mb="0" cb="0"/><line nr="78" mi="3" ci="0" mb="0" cb="0"/><line nr="79" mi="3" ci="0" mb="0" cb="0"/><line nr="80" mi="5" ci="0" mb="0" cb="0"/><line nr="81" mi="2" ci="0" mb="0" cb="0"/><line nr="87" mi="0" ci="7" mb="0" cb="0"/><line nr="88" mi="0" ci="6" mb="0" cb="0"/><line nr="90" mi="3" ci="0" mb="0" cb="0"/><line nr="91" mi="3" ci="0" mb="0" cb="0"/><line nr="92" mi="5" ci="0" mb="0" cb="0"/><line nr="93" mi="2" ci="0" mb="0" cb="0"/><line nr="98" mi="0" ci="4" mb="0" cb="0"/><line nr="99" mi="0" ci="7" mb="0" cb="0"/><line nr="100" mi="0" ci="6" mb="0" cb="0"/><line nr="101" mi="0" ci="6" mb="0" cb="0"/><line nr="102" mi="0" ci="6" mb="0" cb="0"/><line nr="103" mi="0" ci="5" mb="0" cb="0"/><line nr="105" mi="0" ci="4" mb="0" cb="0"/><line nr="106" mi="0" ci="3" mb="0" cb="0"/><line nr="108" mi="1" ci="0" mb="0" cb="0"/><line nr="109" mi="2" ci="0" mb="0" cb="0"/><line nr="111" mi="2" ci="0" mb="0" cb="0"/><line nr="115" mi="2" ci="3" mb="1" cb="1"/><line nr="116" mi="0" ci="5" mb="0" cb="0"/><line nr="117" mi="0" ci="4" mb="0" cb="0"/><line nr="118" mi="0" ci="3" mb="0" cb="0"/><line nr="119" mi="0" ci="3" mb="0" cb="0"/><line nr="120" mi="0" ci="6" mb="0" cb="0"/><line nr="121" mi="0" ci="5" mb="0" cb="0"/><line nr="122" mi="0" ci="4" mb="0" cb="0"/><line nr="123" mi="0" ci="7" mb="0" cb="0"/><line nr="124" mi="0" ci="7" mb="0" cb="0"/><line nr="126" mi="0" ci="3" mb="0" cb="0"/><line nr="127" mi="0" ci="2" mb="0" cb="0"/><line nr="129" mi="1" ci="0" mb="0" cb="0"/><line nr="130" mi="2" ci="0" mb="0" cb="0"/><line nr="132" mi="2" ci="0" mb="0" cb="0"/><counter type="INSTRUCTION" missed="55" covered="213"/><counter type="BRANCH" missed="3" covered="3"/><counter type="LINE" missed="19" covered="46"/><counter type="COMPLEXITY" missed="4" covered="9"/><counter type="METHOD" missed="1" covered="9"/><counter type="CLASS" missed="0" covered="1"/></sourcefile><sourcefile name="Metrics.java"><line nr="7" mi="0" ci="3" mb="0" cb="0"/><line nr="13" mi="0" ci="2" mb="0" cb="0"/><line nr="14" mi="0" ci="2" mb="0" cb="0"/><line nr="15" mi="0" ci="6" mb="0" cb="0"/><line nr="16" mi="0" ci="1" mb="0" cb="0"/><line nr="19" mi="0" ci="2" mb="0" cb="0"/><line nr="20" mi="0" ci="1" mb="0" cb="0"/><line nr="23" mi="0" ci="4" mb="0" cb="0"/><line nr="24" mi="0" ci="12" mb="0" cb="0"/><line nr="25" mi="0" ci="1" mb="0" cb="0"/><line nr="28" mi="0" ci="2" mb="0" cb="0"/><line nr="29" mi="0" ci="8" mb="0" cb="0"/><line nr="30" mi="0" ci="12" mb="0" cb="0"/><line nr="31" mi="0" ci="1" mb="0" cb="0"/><line nr="34" mi="0" ci="1" mb="0" cb="0"/><line nr="35" mi="0" ci="1" mb="0" cb="0"/><line nr="36" mi="0" ci="1" mb="0" cb="0"/><line nr="39" mi="0" ci="5" mb="0" cb="0"/><counter type="INSTRUCTION" missed="0" covered="65"/><counter type="LINE" missed="0" covered="18"/><counter type="COMPLEXITY" missed="0" covered="7"/><counter type="METHOD" missed="0" covered="7"/><counter type="CLASS" missed="0" covered="1"/></sourcefile><counter type="INSTRUCTION" missed="81" covered="455"/><counter type="BRANCH" missed="3" covered="3"/><counter type="LINE" missed="28" covered="102"/><counter type="COMPLEXITY" missed="8" covered="32"/><counter type="METHOD" missed="5" covered="32"/><counter type="CLASS" missed="0" covered="4"/></package><counter type="INSTRUCTION" missed="81" covered="455"/><counter type="BRANCH" missed="3" covered="3"/><counter type="LINE" missed="28" covered="102"/><counter type="COMPLEXITY" missed="8" covered="32"/><counter type="METHOD" missed="5" covered="32"/><counter type="CLASS" missed="0" covered="4"/></report>